<?xml version="1.0" encoding="UTF-8"?>
<!-- Generated by org.testng.reporters.JUnitReportReporter -->
<testsuite hostname="chandans-MacBook-Air.local" failures="0" tests="1" name="product.AddProduct" time="35.132" errors="0" timestamp="2025-08-09T15:15:01 IST" skipped="0">
  <testcase classname="product.AddProduct" name="addProduct" time="35.132"/>
</testsuite> <!-- product.AddProduct -->
