<?xml version="1.0" encoding="UTF-8"?>
<!-- Generated by org.testng.reporters.JUnitReportReporter -->
<testsuite hostname="chandans-MacBook-Air.local" failures="0" tests="1" name="product.Verifyproduct" time="26.460" errors="0" timestamp="2025-08-09T15:15:01 IST" skipped="0">
  <testcase classname="product.Verifyproduct" name="verifyProduct" time="26.460"/>
</testsuite> <!-- product.Verifyproduct -->
